[35m[Appium][39m Welcome to Appium v1.8.1
[35m[Appium][39m Non-default server args:
[35m[Appium][39m   port: 53234
[35m[Appium][39m   loglevel: info
[35m[Appium][39m   chromeDriverPort: 53235
[35m[Appium][39m   tmpDir: C:\Users\ASUS\AppData\Local\Temp\\Katalon\Appium\Temp1634480150282
[35m[Appium][39m Appium REST http interface listener started on 0.0.0.0:53234
[35m[HTTP][39m [37m-->[39m [37mGET[39m [37m/wd/hub/status[39m
[35m[HTTP][39m [90m{}[39m
[35m[HTTP][39m [37m<-- GET /wd/hub/status [39m[32m200[39m [90m11 ms - 83[39m
[35m[HTTP][39m [90m[39m
[35m[HTTP][39m [37m-->[39m [37mGET[39m [37m/wd/hub/status[39m
[35m[HTTP][39m [90m{}[39m
[35m[HTTP][39m [37m<-- GET /wd/hub/status [39m[32m200[39m [90m5 ms - 83[39m
[35m[HTTP][39m [90m[39m
[35m[HTTP][39m [37m-->[39m [37mPOST[39m [37m/wd/hub/session[39m
[35m[HTTP][39m [90m{"desiredCapabilities":{"app":"C:\\Users\\ASUS\\Desktop\\calc.apk","noReset":true,"newCommandTimeout":1800,"platformVersion":"6.0.1","autoGrantPermissions":true,"platformName":"Android","udid":"127.0.0.1:6555","deviceName":"SAMSUNG SM-N950S (Android 6.0.1)","fullReset":false,"platform":"ANDROID","systemPort":53248},"capabilities":{"firstMatch":[{"appium:app":"C:\\Users\\ASUS\\Desktop\\calc.apk","appium:autoGrantPermissions":true,"appium:deviceName":"SAMSUNG SM-N950S (Android 6.0.1)","appium:fullReset":false,"appium:newCommandTimeout":1800,"appium:noReset":true,"platform":"ANDROID","platformName":"android","appium:platformVersion":"6.0.1","appium:systemPort":53248,"appium:udid":"127.0.0.1:6555"}]}}[39m
[35m[BaseDriver][39m The capabilities ["platform"] are not standard capabilities and should have an extension prefix
[35m[Appium][39m Consider setting 'automationName' capability to 'uiautomator2' on Android >= 6, since UIAutomator framework is not maintained anymore by the OS vendor.
[35m[Appium][39m Creating new AndroidDriver (v2.7.0) session
[35m[Appium][39m Capabilities:
[35m[Appium][39m   platform: ANDROID
[35m[Appium][39m   platformName: android
[35m[Appium][39m   app: C:\Users\ASUS\Desktop\calc.apk
[35m[Appium][39m   autoGrantPermissions: true
[35m[Appium][39m   deviceName: SAMSUNG SM-N950S (Android 6.0.1)
[35m[Appium][39m   fullReset: false
[35m[Appium][39m   newCommandTimeout: 1800
[35m[Appium][39m   noReset: true
[35m[Appium][39m   platformVersion: 6.0.1
[35m[Appium][39m   systemPort: 53248
[35m[Appium][39m   udid: 127.0.0.1:6555
[35m[BaseDriver][39m The following capabilities were provided, but are not recognized by appium: platform, systemPort.
[35m[BaseDriver][39m Session created with session id: bbfd62ca-513e-4bf4-a872-8b6cd25b754d
[35m[AndroidDriver][39m Java version is: 1.8.0_282
[35m[ADB][39m Checking whether adb is present
[35m[ADB][39m Found 1 'build-tools' folders under 'C:\Users\ASUS\.katalon\tools\android_sdk' (newest first):
[35m[ADB][39m     C:/Users/ASUS/.katalon/tools/android_sdk/build-tools/29.0.3
[35m[ADB][39m Using adb.exe from C:\Users\ASUS\.katalon\tools\android_sdk\platform-tools\adb.exe
[35m[AndroidDriver][39m Retrieving device list
[35m[AndroidDriver][39m Using device: 127.0.0.1:6555
[35m[BaseDriver][39m Using local app 'C:\Users\ASUS\Desktop\calc.apk'
[35m[AndroidDriver][39m Starting Android session
[35m[ADB][39m Checking whether aapt is present
[35m[ADB][39m Using aapt.exe from C:\Users\ASUS\.katalon\tools\android_sdk\build-tools\29.0.3\aapt.exe
[35m[AndroidDriver][39m setDeviceLanguageCountry requires language or country.
[35m[AndroidDriver][39m Got language: 'null' and country: 'null'
[35m[ADB][39m Getting device platform version
[35m[ADB][39m Using the alternative activity name detection method because of: Could not find apkanalyzer.bat in C:\Users\ASUS\.katalon\tools\android_sdk\platform-tools\apkanalyzer.bat,C:\Users\ASUS\.katalon\tools\android_sdk\emulator\apkanalyzer.bat,C:\Users\ASUS\.katalon\tools\android_sdk\tools\apkanalyzer.bat,C:\Users\ASUS\.katalon\tools\android_sdk\tools\bin\apkanalyzer.bat,C:\Users\ASUS\.katalon\tools\android_sdk\build-tools\29.0.3\apkanalyzer.bat. Do you have the Android SDK installed at 'C:\Users\ASUS\.katalon\tools\android_sdk'?
[35m[ADB][39m Extracting package and launch activity from manifest
[35m[ADB][39m Package name: 'com.veronicaapps.veronica.simplecalculator'
[35m[ADB][39m Main activity name: 'com.veronicaapps.veronica.simplecalculator.MainActivity'
[35m[ADB][39m Successfully extracted 44 strings from 'C:\Users\ASUS\Desktop\calc.apk' resources for '(default)' configuration
[35m[ADB][39m No uiautomator process found to kill, continuing...
[35m[AndroidBootstrap][39m Android bootstrap socket is now connected
[35m[AndroidDriver][39m Screen already unlocked, doing nothing
[35m[Appium][39m New AndroidDriver session created successfully, session bbfd62ca-513e-4bf4-a872-8b6cd25b754d added to master session list
[35m[HTTP][39m [37m<-- POST /wd/hub/session [39m[32m200[39m [90m12291 ms - 1216[39m
[35m[HTTP][39m [90m[39m
[35m[HTTP][39m [37m-->[39m [37mGET[39m [37m/wd/hub/session/bbfd62ca-513e-4bf4-a872-8b6cd25b754d[39m
[35m[HTTP][39m [90m{}[39m
[35m[HTTP][39m [37m<-- GET /wd/hub/session/bbfd62ca-513e-4bf4-a872-8b6cd25b754d [39m[32m200[39m [90m13 ms - 1148[39m
[35m[HTTP][39m [90m[39m
[35m[HTTP][39m [37m-->[39m [37mGET[39m [37m/wd/hub/session/bbfd62ca-513e-4bf4-a872-8b6cd25b754d[39m
[35m[HTTP][39m [90m{}[39m
[35m[HTTP][39m [37m<-- GET /wd/hub/session/bbfd62ca-513e-4bf4-a872-8b6cd25b754d [39m[32m200[39m [90m5 ms - 1148[39m
[35m[HTTP][39m [90m[39m
[35m[HTTP][39m [37m-->[39m [37mGET[39m [37m/wd/hub/status[39m
[35m[HTTP][39m [90m{}[39m
[35m[HTTP][39m [37m<-- GET /wd/hub/status [39m[32m200[39m [90m9 ms - 55[39m
[35m[HTTP][39m [90m[39m
[35m[HTTP][39m [37m-->[39m [37mPOST[39m [37m/wd/hub/session/bbfd62ca-513e-4bf4-a872-8b6cd25b754d/timeouts[39m
[35m[HTTP][39m [90m{"implicit":60000}[39m
[35m[HTTP][39m [37m<-- POST /wd/hub/session/bbfd62ca-513e-4bf4-a872-8b6cd25b754d/timeouts [39m[32m200[39m [90m6 ms - 14[39m
[35m[HTTP][39m [90m[39m
[35m[HTTP][39m [37m-->[39m [37mGET[39m [37m/wd/hub/session/bbfd62ca-513e-4bf4-a872-8b6cd25b754d/source[39m
[35m[HTTP][39m [90m{}[39m
[35m[HTTP][39m [37m<-- GET /wd/hub/session/bbfd62ca-513e-4bf4-a872-8b6cd25b754d/source [39m[32m200[39m [90m671 ms - 15447[39m
[35m[HTTP][39m [90m[39m
[35m[HTTP][39m [37m-->[39m [37mGET[39m [37m/wd/hub/session/bbfd62ca-513e-4bf4-a872-8b6cd25b754d/screenshot[39m
[35m[HTTP][39m [90m{}[39m
[35m[HTTP][39m [37m<-- GET /wd/hub/session/bbfd62ca-513e-4bf4-a872-8b6cd25b754d/screenshot [39m[32m200[39m [90m711 ms - 107808[39m
[35m[HTTP][39m [90m[39m
[35m[HTTP][39m [37m-->[39m [37mGET[39m [37m/wd/hub/session/bbfd62ca-513e-4bf4-a872-8b6cd25b754d/source[39m
[35m[HTTP][39m [90m{}[39m
[35m[HTTP][39m [37m<-- GET /wd/hub/session/bbfd62ca-513e-4bf4-a872-8b6cd25b754d/source [39m[32m200[39m [90m317 ms - 15450[39m
[35m[HTTP][39m [90m[39m
[35m[HTTP][39m [37m-->[39m [37mGET[39m [37m/wd/hub/session/bbfd62ca-513e-4bf4-a872-8b6cd25b754d/screenshot[39m
[35m[HTTP][39m [90m{}[39m
[35m[HTTP][39m [37m<-- GET /wd/hub/session/bbfd62ca-513e-4bf4-a872-8b6cd25b754d/screenshot [39m[32m200[39m [90m1498 ms - 113104[39m
[35m[HTTP][39m [90m[39m
[35m[HTTP][39m [37m-->[39m [37mPOST[39m [37m/wd/hub/session/bbfd62ca-513e-4bf4-a872-8b6cd25b754d/elements[39m
[35m[HTTP][39m [90m{"using":"xpath","value":"//*[@class = 'android.widget.Button' and @instance = '9' and (@text = '5' or . = '5') and @resource-id = 'com.veronicaapps.veronica.simplecalculator:id/button_five']"}[39m
[35m[HTTP][39m [37m<-- POST /wd/hub/session/bbfd62ca-513e-4bf4-a872-8b6cd25b754d/elements [39m[32m200[39m [90m2198 ms - 55[39m
[35m[HTTP][39m [90m[39m
[35m[HTTP][39m [37m-->[39m [37mPOST[39m [37m/wd/hub/session/bbfd62ca-513e-4bf4-a872-8b6cd25b754d/elements[39m
[35m[HTTP][39m [90m{"using":"xpath","value":"//*[@class = 'android.widget.Button' and @instance = '11' and (@text = '+' or . = '+') and @resource-id = 'com.veronicaapps.veronica.simplecalculator:id/button_plus']"}[39m
[35m[HTTP][39m [37m<-- POST /wd/hub/session/bbfd62ca-513e-4bf4-a872-8b6cd25b754d/elements [39m[32m200[39m [90m190 ms - 55[39m
[35m[HTTP][39m [90m[39m
[35m[HTTP][39m [37m-->[39m [37mPOST[39m [37m/wd/hub/session/bbfd62ca-513e-4bf4-a872-8b6cd25b754d/elements[39m
[35m[HTTP][39m [90m{"using":"xpath","value":"//*[@class = 'android.widget.Button' and @instance = '6' and (@text = '9' or . = '9') and @resource-id = 'com.veronicaapps.veronica.simplecalculator:id/button_nine']"}[39m
[35m[HTTP][39m [37m<-- POST /wd/hub/session/bbfd62ca-513e-4bf4-a872-8b6cd25b754d/elements [39m[32m200[39m [90m226 ms - 55[39m
[35m[HTTP][39m [90m[39m
[35m[BaseDriver][39m Shutting down because we waited 1800 seconds for a command
[35m[Appium][39m Closing session, cause was 'New Command Timeout of 1800 seconds expired. Try customizing the timeout using the 'newCommandTimeout' desired capability'
[35m[Appium][39m Removing session bbfd62ca-513e-4bf4-a872-8b6cd25b754d from our master session list
[35m[ADB][39m No uiautomator process found to kill, continuing...
